<?xml version="1.0" encoding="UTF-8"?>
<!-- Generated by org.testng.reporters.JUnitXMLReporter -->
<testsuite hostname="TBM-AIO" ignored="0" name="Learning Framework setup in ie" tests="6" failures="4" timestamp="04 May 2020 14:41:24 GMT" time="17.273" errors="0">
  <testcase name="loginDDT" time="0.389" classname="com.tbmJavaAutomationFramework.TestCases.TC_LoginDDT_02">
    <failure type="java.lang.AssertionError" message="expected [true] but found [false]">
      <![CDATA[java.lang.AssertionError: expected [true] but found [false]
at com.tbmJavaAutomationFramework.TestCases.TC_LoginDDT_02.loginDDT(TC_LoginDDT_02.java:37)
... Removed 29 stack frames]]>
    </failure>
  </testcase> <!-- loginDDT -->
  <testcase name="loginDDT" time="0.851" classname="com.tbmJavaAutomationFramework.TestCases.TC_LoginDDT_02">
    <failure type="java.lang.AssertionError" message="expected [true] but found [false]">
      <![CDATA[java.lang.AssertionError: expected [true] but found [false]
at com.tbmJavaAutomationFramework.TestCases.TC_LoginDDT_02.loginDDT(TC_LoginDDT_02.java:37)
... Removed 29 stack frames]]>
    </failure>
  </testcase> <!-- loginDDT -->
  <testcase name="loginDDT" time="2.184" classname="com.tbmJavaAutomationFramework.TestCases.TC_LoginDDT_02"/>
  <testcase name="loginDDT" time="0.759" classname="com.tbmJavaAutomationFramework.TestCases.TC_LoginDDT_02">
    <failure type="java.lang.AssertionError" message="expected [true] but found [false]">
      <![CDATA[java.lang.AssertionError: expected [true] but found [false]
at com.tbmJavaAutomationFramework.TestCases.TC_LoginDDT_02.loginDDT(TC_LoginDDT_02.java:37)
... Removed 29 stack frames]]>
    </failure>
  </testcase> <!-- loginDDT -->
  <testcase name="loginDDT" time="0.79" classname="com.tbmJavaAutomationFramework.TestCases.TC_LoginDDT_02">
    <failure type="java.lang.AssertionError" message="expected [true] but found [false]">
      <![CDATA[java.lang.AssertionError: expected [true] but found [false]
at com.tbmJavaAutomationFramework.TestCases.TC_LoginDDT_02.loginDDT(TC_LoginDDT_02.java:37)
... Removed 29 stack frames]]>
    </failure>
  </testcase> <!-- loginDDT -->
  <testcase name="loginDDT" time="1.901" classname="com.tbmJavaAutomationFramework.TestCases.TC_LoginDDT_02"/>
</testsuite> <!-- Learning Framework setup in ie -->
