<?xml version="1.0" encoding="UTF-8"?>
<!-- Generated by org.testng.reporters.JUnitXMLReporter -->
<testsuite hostname="TBM-AIO" ignored="0" name="Learning Framework setup in FireFox" tests="5" failures="0" timestamp="28 Apr 2020 19:11:49 GMT" time="1.899" errors="0">
  <testcase name="@BeforeClass setUp" time="0.0" classname="com.tbmJavaAutomationFramework.TestCases.BaseClass">
    <failure type="org.testng.TestNGException" message="
Can inject only one of &amp;lt;ITestContext, XmlTest&amp;gt; into a @BeforeClass annotated setUp.
For more information on native dependency injection please refer to http://testng.org/doc/documentation-main.html#native-dependency-injection">
      <![CDATA[org.testng.TestNGException: 
Can inject only one of <ITestContext, XmlTest> into a @BeforeClass annotated setUp.
For more information on native dependency injection please refer to http://testng.org/doc/documentation-main.html#native-dependency-injection
... Removed 23 stack frames]]>
    </failure>
  </testcase> <!-- @BeforeClass setUp -->
  <testcase name="@AfterClass tearDown" time="0.0" classname="com.tbmJavaAutomationFramework.TestCases.BaseClass">
    <skipped/>
  </testcase> <!-- @AfterClass tearDown -->
  <testcase name="loginDDT" time="0.0" classname="com.tbmJavaAutomationFramework.TestCases.TC_LoginDDT_02">
    <skipped/>
  </testcase> <!-- loginDDT -->
  <testcase name="loginDDT" time="0.0" classname="com.tbmJavaAutomationFramework.TestCases.TC_LoginDDT_02">
    <skipped/>
  </testcase> <!-- loginDDT -->
  <testcase name="loginDDT" time="0.0" classname="com.tbmJavaAutomationFramework.TestCases.TC_LoginDDT_02">
    <skipped/>
  </testcase> <!-- loginDDT -->
  <testcase name="loginDDT" time="0.0" classname="com.tbmJavaAutomationFramework.TestCases.TC_LoginDDT_02">
    <skipped/>
  </testcase> <!-- loginDDT -->
  <testcase name="loginDDT" time="0.0" classname="com.tbmJavaAutomationFramework.TestCases.TC_LoginDDT_02">
    <skipped/>
  </testcase> <!-- loginDDT -->
</testsuite> <!-- Learning Framework setup in FireFox -->
