<?xml version="1.0" encoding="UTF-8"?>
<!-- Generated by org.testng.reporters.JUnitXMLReporter -->
<testsuite hostname="TBM-AIO" ignored="0" name="Verifying the DDT setup in Chrome" tests="6" failures="4" timestamp="05 May 2020 18:18:18 GMT" time="18.055" errors="0">
  <testcase name="loginDDT" time="1.287" classname="com.tbmJavaAutomationFramework.TestCases.TC_LoginDDT_02">
    <failure type="java.lang.AssertionError" message="expected [true] but found [false]">
      <![CDATA[java.lang.AssertionError: expected [true] but found [false]
at com.tbmJavaAutomationFramework.TestCases.TC_LoginDDT_02.loginDDT(TC_LoginDDT_02.java:37)
... Removed 29 stack frames]]>
    </failure>
  </testcase> <!-- loginDDT -->
  <testcase name="loginDDT" time="0.716" classname="com.tbmJavaAutomationFramework.TestCases.TC_LoginDDT_02">
    <failure type="java.lang.AssertionError" message="expected [true] but found [false]">
      <![CDATA[java.lang.AssertionError: expected [true] but found [false]
at com.tbmJavaAutomationFramework.TestCases.TC_LoginDDT_02.loginDDT(TC_LoginDDT_02.java:37)
... Removed 29 stack frames]]>
    </failure>
  </testcase> <!-- loginDDT -->
  <testcase name="loginDDT" time="1.265" classname="com.tbmJavaAutomationFramework.TestCases.TC_LoginDDT_02"/>
  <testcase name="loginDDT" time="0.802" classname="com.tbmJavaAutomationFramework.TestCases.TC_LoginDDT_02">
    <failure type="java.lang.AssertionError" message="expected [true] but found [false]">
      <![CDATA[java.lang.AssertionError: expected [true] but found [false]
at com.tbmJavaAutomationFramework.TestCases.TC_LoginDDT_02.loginDDT(TC_LoginDDT_02.java:37)
... Removed 29 stack frames]]>
    </failure>
  </testcase> <!-- loginDDT -->
  <testcase name="loginDDT" time="0.693" classname="com.tbmJavaAutomationFramework.TestCases.TC_LoginDDT_02">
    <failure type="java.lang.AssertionError" message="expected [true] but found [false]">
      <![CDATA[java.lang.AssertionError: expected [true] but found [false]
at com.tbmJavaAutomationFramework.TestCases.TC_LoginDDT_02.loginDDT(TC_LoginDDT_02.java:37)
... Removed 29 stack frames]]>
    </failure>
  </testcase> <!-- loginDDT -->
  <testcase name="loginDDT" time="1.256" classname="com.tbmJavaAutomationFramework.TestCases.TC_LoginDDT_02"/>
</testsuite> <!-- Verifying the DDT setup in Chrome -->
