<?xml version="1.0" encoding="UTF-8"?>
<!-- Generated by org.testng.reporters.JUnitXMLReporter -->
<testsuite ignored="0" hostname="TBM-AIO" failures="0" tests="10" name="Verifying the login in Chrome" time="83.329" errors="0" timestamp="27 Dec 2021 16:40:27 GMT">
  <testcase classname="com.tbmJavaAutomationFramework.TestCases.TC_AddNewCustomer_003" name="addNewCustomer" time="15.4"/>
  <testcase classname="com.tbmJavaAutomationFramework.TestCases.TC_LoginDDT_02" name="loginDDT" time="0.917"/>
  <testcase classname="com.tbmJavaAutomationFramework.TestCases.TC_LoginDDT_02" name="loginDDT" time="0.967"/>
  <testcase classname="com.tbmJavaAutomationFramework.TestCases.TC_LoginDDT_02" name="loginDDT" time="1.484"/>
  <testcase classname="com.tbmJavaAutomationFramework.TestCases.TC_LoginDDT_02" name="loginDDT" time="0.829"/>
  <testcase classname="com.tbmJavaAutomationFramework.TestCases.TC_LoginDDT_02" name="loginDDT" time="1.444"/>
  <testcase classname="com.tbmJavaAutomationFramework.TestCases.TC_LoginDDT_02" name="loginDDT" time="0.695"/>
  <testcase classname="com.tbmJavaAutomationFramework.TestCases.TC_LoginTest_01" name="loginTest" time="1.294"/>
  <testcase classname="com.tbmJavaAutomationFramework.TestCases.TC_EditCustomerDetails_04" name="editCustomer" time="37.061"/>
  <testcase classname="com.tbmJavaAutomationFramework.TestCases.TC_EditCustomerDetails_04" name="validateChangedDetails" time="6.932"/>
</testsuite> <!-- Verifying the login in Chrome -->
