<?xml version="1.0" encoding="UTF-8"?>
<testsuite xmlns:xsi="http://www.w3.org/2001/XMLSchema-instance" xsi:noNamespaceSchemaLocation="https://maven.apache.org/surefire/maven-surefire-plugin/xsd/surefire-test-report-3.0.xsd" version="3.0" name="TestSuite" time="53.736" tests="10" errors="0" skipped="0" failures="3">
  <properties>
[...]
</properties>
  <testcase name="addNewCustomer" classname="com.tbmJavaAutomationFramework.TestCases.TC_AddNewCustomer_003" time="9.264">
    <failure message="no such element: Unable to locate element: {&quot;method&quot;:&quot;css selector&quot;,&quot;selector&quot;:&quot;*[name=&apos;name&apos;]&quot;}&#10;  (Session info: chrome=96.0.4664.110)&#10;For documentation on this error, please visit: https://www.seleniumhq.org/exceptions/no_such_element.html&#10;Build info: version: &apos;3.141.59&apos;, revision: &apos;e82be7d358&apos;, time: &apos;2018-11-14T08:17:03&apos;&#10;System info: host: &apos;TBM-AIO&apos;, ip: &apos;192.168.0.20&apos;, os.name: &apos;Windows 10&apos;, os.arch: &apos;amd64&apos;, os.version: &apos;10.0&apos;, java.version: &apos;17.0.1&apos;&#10;Driver info: org.openqa.selenium.chrome.ChromeDriver&#10;Capabilities {acceptInsecureCerts: false, browserName: chrome, browserVersion: 96.0.4664.110, chrome: {chromedriverVersion: 96.0.4664.45 (76e4c1bb2ab46..., userDataDir: C:\Users\timir\AppData\Loca...}, goog:chromeOptions: {debuggerAddress: localhost:59074}, javascriptEnabled: true, networkConnectionEnabled: false, pageLoadStrategy: normal, platform: WINDOWS, platformName: WINDOWS, proxy: Proxy(), setWindowRect: true, strictFileInteractability: false, timeouts: {implicit: 0, pageLoad: 300000, script: 30000}, unhandledPromptBehavior: dismiss and notify, webauthn:extension:credBlob: true, webauthn:extension:largeBlob: true, webauthn:virtualAuthenticators: true}&#10;Session ID: 8b3057ffd89909ceb507e84c368e1fe2&#10;*** Element info: {Using=name, value=name}" type="org.openqa.selenium.NoSuchElementException"><![CDATA[org.openqa.selenium.NoSuchElementException: 
no such element: Unable to locate element: {"method":"css selector","selector":"*[name='name']"}
  (Session info: chrome=96.0.4664.110)
For documentation on this error, please visit: https://www.seleniumhq.org/exceptions/no_such_element.html
Build info: version: '3.141.59', revision: 'e82be7d358', time: '2018-11-14T08:17:03'
System info: host: 'TBM-AIO', ip: '192.168.0.20', os.name: 'Windows 10', os.arch: 'amd64', os.version: '10.0', java.version: '17.0.1'
Driver info: org.openqa.selenium.chrome.ChromeDriver
Capabilities {acceptInsecureCerts: false, browserName: chrome, browserVersion: 96.0.4664.110, chrome: {chromedriverVersion: 96.0.4664.45 (76e4c1bb2ab46..., userDataDir: C:\Users\timir\AppData\Loca...}, goog:chromeOptions: {debuggerAddress: localhost:59074}, javascriptEnabled: true, networkConnectionEnabled: false, pageLoadStrategy: normal, platform: WINDOWS, platformName: WINDOWS, proxy: Proxy(), setWindowRect: true, strictFileInteractability: false, timeouts: {implicit: 0, pageLoad: 300000, script: 30000}, unhandledPromptBehavior: dismiss and notify, webauthn:extension:credBlob: true, webauthn:extension:largeBlob: true, webauthn:virtualAuthenticators: true}
Session ID: 8b3057ffd89909ceb507e84c368e1fe2
*** Element info: {Using=name, value=name}
	at com.tbmJavaAutomationFramework.TestCases.TC_AddNewCustomer_003.addNewCustomer(TC_AddNewCustomer_003.java:45)
]]></failure>
    <system-out><![CDATA[[TestNGContentHandler] [WARN] It is strongly recommended to add "<!DOCTYPE suite SYSTEM "http://testng.org/testng-1.0.dtd" >" at the top of your file, otherwise TestNG may fail or not work as expected.
 INFO [main] (TC_AddNewCustomer_003.java:35)- Step 1: User name mngr47659 has been entered
 INFO [main] (TC_AddNewCustomer_003.java:37)- Step 2: Password has been entered
 INFO [main] (TC_AddNewCustomer_003.java:44)- Step 3: Add customer link is clicked
]]></system-out>
    <system-err><![CDATA[Starting ChromeDriver 96.0.4664.45 (76e4c1bb2ab4671b8beba3444e61c0f17584b2fc-refs/branch-heads/4664@{#947}) on port 33641
Only local connections are allowed.
Please see https://chromedriver.chromium.org/security-considerations for suggestions on keeping ChromeDriver safe.
ChromeDriver was started successfully.
Dec 27, 2021 11:48:41 AM org.openqa.selenium.remote.ProtocolHandshake createSession
INFO: Detected dialect: W3C
]]></system-err>
  </testcase>
  <testcase name="loginDDT[timirte6346, darfautyt](1)" classname="com.tbmJavaAutomationFramework.TestCases.TC_LoginDDT_02" time="0.933">
    <system-out><![CDATA[ INFO [main] (TC_LoginDDT_02.java:25)- User name has been entered
 INFO [main] (TC_LoginDDT_02.java:27)- Password has been entered
 INFO [main] (TC_LoginDDT_02.java:29)- Submit button is clicked!
 INFO [main] (TC_LoginDDT_02.java:34)- Either username or password is incorrect
]]></system-out>
    <system-err><![CDATA[Starting ChromeDriver 96.0.4664.45 (76e4c1bb2ab4671b8beba3444e61c0f17584b2fc-refs/branch-heads/4664@{#947}) on port 15862
Only local connections are allowed.
Please see https://chromedriver.chromium.org/security-considerations for suggestions on keeping ChromeDriver safe.
ChromeDriver was started successfully.
Dec 27, 2021 11:48:53 AM org.openqa.selenium.remote.ProtocolHandshake createSession
INFO: Detected dialect: W3C
]]></system-err>
  </testcase>
  <testcase name="loginDDT[mngr249318, nAmyhYv](2)" classname="com.tbmJavaAutomationFramework.TestCases.TC_LoginDDT_02" time="0.837">
    <system-out><![CDATA[ INFO [main] (TC_LoginDDT_02.java:25)- User name has been entered
 INFO [main] (TC_LoginDDT_02.java:27)- Password has been entered
 INFO [main] (TC_LoginDDT_02.java:29)- Submit button is clicked!
 INFO [main] (TC_LoginDDT_02.java:34)- Either username or password is incorrect
]]></system-out>
  </testcase>
  <testcase name="loginDDT[mngr47659, 1@](3)" classname="com.tbmJavaAutomationFramework.TestCases.TC_LoginDDT_02" time="1.765">
    <system-out><![CDATA[ INFO [main] (TC_LoginDDT_02.java:25)- User name has been entered
 INFO [main] (TC_LoginDDT_02.java:27)- Password has been entered
 INFO [main] (TC_LoginDDT_02.java:29)- Submit button is clicked!
 INFO [main] (TC_LoginDDT_02.java:41)- successfully logged in
 INFO [main] (TC_LoginDDT_02.java:44)- Clicked on logout button
 INFO [main] (TC_LoginDDT_02.java:47)- Came back to Login page
]]></system-out>
  </testcase>
  <testcase name="loginDDT[mngr249877, nYtyvUr](4)" classname="com.tbmJavaAutomationFramework.TestCases.TC_LoginDDT_02" time="0.8">
    <system-out><![CDATA[ INFO [main] (TC_LoginDDT_02.java:25)- User name has been entered
 INFO [main] (TC_LoginDDT_02.java:27)- Password has been entered
 INFO [main] (TC_LoginDDT_02.java:29)- Submit button is clicked!
 INFO [main] (TC_LoginDDT_02.java:34)- Either username or password is incorrect
]]></system-out>
  </testcase>
  <testcase name="loginDDT[mngr47659, 1@](5)" classname="com.tbmJavaAutomationFramework.TestCases.TC_LoginDDT_02" time="1.432">
    <system-out><![CDATA[ INFO [main] (TC_LoginDDT_02.java:25)- User name has been entered
 INFO [main] (TC_LoginDDT_02.java:27)- Password has been entered
 INFO [main] (TC_LoginDDT_02.java:29)- Submit button is clicked!
 INFO [main] (TC_LoginDDT_02.java:41)- successfully logged in
 INFO [main] (TC_LoginDDT_02.java:44)- Clicked on logout button
 INFO [main] (TC_LoginDDT_02.java:47)- Came back to Login page
]]></system-out>
  </testcase>
  <testcase name="loginDDT[mngr258123, sepUpEq](6)" classname="com.tbmJavaAutomationFramework.TestCases.TC_LoginDDT_02" time="1.115">
    <system-out><![CDATA[ INFO [main] (TC_LoginDDT_02.java:25)- User name has been entered
 INFO [main] (TC_LoginDDT_02.java:27)- Password has been entered
 INFO [main] (TC_LoginDDT_02.java:29)- Submit button is clicked!
 INFO [main] (TC_LoginDDT_02.java:34)- Either username or password is incorrect
]]></system-out>
  </testcase>
  <testcase name="loginTest" classname="com.tbmJavaAutomationFramework.TestCases.TC_LoginTest_01" time="1.113">
    <system-out><![CDATA[ INFO [main] (TC_LoginTest_01.java:19)- URL is opened
 INFO [main] (TC_LoginTest_01.java:22)- Entered user name
 INFO [main] (TC_LoginTest_01.java:24)- Entered the password
 INFO [main] (TC_LoginTest_01.java:26)- Singin button is clicked
 INFO [main] (TC_LoginTest_01.java:31)- The test case has been passed
]]></system-out>
    <system-err><![CDATA[Starting ChromeDriver 96.0.4664.45 (76e4c1bb2ab4671b8beba3444e61c0f17584b2fc-refs/branch-heads/4664@{#947}) on port 26682
Only local connections are allowed.
Please see https://chromedriver.chromium.org/security-considerations for suggestions on keeping ChromeDriver safe.
ChromeDriver was started successfully.
Dec 27, 2021 11:49:04 AM org.openqa.selenium.remote.ProtocolHandshake createSession
INFO: Detected dialect: W3C
]]></system-err>
  </testcase>
  <testcase name="editCustomer" classname="com.tbmJavaAutomationFramework.TestCases.TC_EditCustomerDetails_04" time="22.15">
    <failure message="no such element: Unable to locate element: {&quot;method&quot;:&quot;xpath&quot;,&quot;selector&quot;:&quot;//input[@name=&apos;cusid&apos;]&quot;}&#10;  (Session info: chrome=96.0.4664.110)&#10;For documentation on this error, please visit: https://www.seleniumhq.org/exceptions/no_such_element.html&#10;Build info: version: &apos;3.141.59&apos;, revision: &apos;e82be7d358&apos;, time: &apos;2018-11-14T08:17:03&apos;&#10;System info: host: &apos;TBM-AIO&apos;, ip: &apos;192.168.0.20&apos;, os.name: &apos;Windows 10&apos;, os.arch: &apos;amd64&apos;, os.version: &apos;10.0&apos;, java.version: &apos;17.0.1&apos;&#10;Driver info: org.openqa.selenium.chrome.ChromeDriver&#10;Capabilities {acceptInsecureCerts: false, browserName: chrome, browserVersion: 96.0.4664.110, chrome: {chromedriverVersion: 96.0.4664.45 (76e4c1bb2ab46..., userDataDir: C:\Users\timir\AppData\Loca...}, goog:chromeOptions: {debuggerAddress: localhost:59268}, javascriptEnabled: true, networkConnectionEnabled: false, pageLoadStrategy: normal, platform: WINDOWS, platformName: WINDOWS, proxy: Proxy(), setWindowRect: true, strictFileInteractability: false, timeouts: {implicit: 0, pageLoad: 300000, script: 30000}, unhandledPromptBehavior: dismiss and notify, webauthn:extension:credBlob: true, webauthn:extension:largeBlob: true, webauthn:virtualAuthenticators: true}&#10;Session ID: 80e884862b8fed8ae304720f9094e849&#10;*** Element info: {Using=xpath, value=//input[@name=&apos;cusid&apos;]}" type="org.openqa.selenium.NoSuchElementException"><![CDATA[org.openqa.selenium.NoSuchElementException: 
no such element: Unable to locate element: {"method":"xpath","selector":"//input[@name='cusid']"}
  (Session info: chrome=96.0.4664.110)
For documentation on this error, please visit: https://www.seleniumhq.org/exceptions/no_such_element.html
Build info: version: '3.141.59', revision: 'e82be7d358', time: '2018-11-14T08:17:03'
System info: host: 'TBM-AIO', ip: '192.168.0.20', os.name: 'Windows 10', os.arch: 'amd64', os.version: '10.0', java.version: '17.0.1'
Driver info: org.openqa.selenium.chrome.ChromeDriver
Capabilities {acceptInsecureCerts: false, browserName: chrome, browserVersion: 96.0.4664.110, chrome: {chromedriverVersion: 96.0.4664.45 (76e4c1bb2ab46..., userDataDir: C:\Users\timir\AppData\Loca...}, goog:chromeOptions: {debuggerAddress: localhost:59268}, javascriptEnabled: true, networkConnectionEnabled: false, pageLoadStrategy: normal, platform: WINDOWS, platformName: WINDOWS, proxy: Proxy(), setWindowRect: true, strictFileInteractability: false, timeouts: {implicit: 0, pageLoad: 300000, script: 30000}, unhandledPromptBehavior: dismiss and notify, webauthn:extension:credBlob: true, webauthn:extension:largeBlob: true, webauthn:virtualAuthenticators: true}
Session ID: 80e884862b8fed8ae304720f9094e849
*** Element info: {Using=xpath, value=//input[@name='cusid']}
	at com.tbmJavaAutomationFramework.TestCases.TC_EditCustomerDetails_04.editCustomer(TC_EditCustomerDetails_04.java:41)
]]></failure>
    <system-out><![CDATA[ INFO [main] (TC_EditCustomerDetails_04.java:26)- Step 1: User name mngr47659 has been entered
 INFO [main] (TC_EditCustomerDetails_04.java:28)- Step 2: Password has been entered
 INFO [main] (TC_EditCustomerDetails_04.java:39)- Edit customer link is clicked !
]]></system-out>
    <system-err><![CDATA[Starting ChromeDriver 96.0.4664.45 (76e4c1bb2ab4671b8beba3444e61c0f17584b2fc-refs/branch-heads/4664@{#947}) on port 22473
Only local connections are allowed.
Please see https://chromedriver.chromium.org/security-considerations for suggestions on keeping ChromeDriver safe.
ChromeDriver was started successfully.
Dec 27, 2021 11:49:07 AM org.openqa.selenium.remote.ProtocolHandshake createSession
INFO: Detected dialect: W3C
]]></system-err>
  </testcase>
  <testcase name="validateChangedDetails" classname="com.tbmJavaAutomationFramework.TestCases.TC_EditCustomerDetails_04" time="1.079">
    <failure message="element click intercepted: Element &lt;a href=&quot;EditCustomer.php&quot;&gt;...&lt;/a&gt; is not clickable at point (120, 384). Other element would receive the click: &lt;iframe frameborder=&quot;0&quot; src=&quot;https://217d9b1a57b6b33f66115334e1e768b2.safeframe.googlesyndication.com/safeframe/1-0-38/html/container.html&quot; id=&quot;google_ads_iframe_/24132379/INTERSTITIAL_DemoGuru99_0&quot; title=&quot;3rd party ad content&quot; name=&quot;&quot; scrolling=&quot;no&quot; marginwidth=&quot;0&quot; marginheight=&quot;0&quot; width=&quot;&quot; height=&quot;&quot; data-is-safeframe=&quot;true&quot; sandbox=&quot;allow-forms allow-popups allow-popups-to-escape-sandbox allow-same-origin allow-scripts allow-top-navigation-by-user-activation&quot; role=&quot;region&quot; aria-label=&quot;Advertisement&quot; tabindex=&quot;0&quot; data-google-container-id=&quot;1&quot; data-load-complete=&quot;true&quot; style=&quot;border: 0px !important; vertical-align: bottom !important; width: 100vw !important; height: 100vh !important; inset: 0px auto auto 0px !important; position: absolute !important; clear: none !important; display: inline !important; float: none !important; margin: 0px !important; max-height: none !important; max-width: none !important; opacity: 1 !important; overflow: visible !important; padding: 0px !important; visibility: visible !important; z-index: auto !important;&quot;&gt;&lt;/iframe&gt;&#10;  (Session info: chrome=96.0.4664.110)&#10;Build info: version: &apos;3.141.59&apos;, revision: &apos;e82be7d358&apos;, time: &apos;2018-11-14T08:17:03&apos;&#10;System info: host: &apos;TBM-AIO&apos;, ip: &apos;192.168.0.20&apos;, os.name: &apos;Windows 10&apos;, os.arch: &apos;amd64&apos;, os.version: &apos;10.0&apos;, java.version: &apos;17.0.1&apos;&#10;Driver info: org.openqa.selenium.chrome.ChromeDriver&#10;Capabilities {acceptInsecureCerts: false, browserName: chrome, browserVersion: 96.0.4664.110, chrome: {chromedriverVersion: 96.0.4664.45 (76e4c1bb2ab46..., userDataDir: C:\Users\timir\AppData\Loca...}, goog:chromeOptions: {debuggerAddress: localhost:59268}, javascriptEnabled: true, networkConnectionEnabled: false, pageLoadStrategy: normal, platform: WINDOWS, platformName: WINDOWS, proxy: Proxy(), setWindowRect: true, strictFileInteractability: false, timeouts: {implicit: 0, pageLoad: 300000, script: 30000}, unhandledPromptBehavior: dismiss and notify, webauthn:extension:credBlob: true, webauthn:extension:largeBlob: true, webauthn:virtualAuthenticators: true}&#10;Session ID: 80e884862b8fed8ae304720f9094e849" type="org.openqa.selenium.ElementClickInterceptedException"><![CDATA[org.openqa.selenium.ElementClickInterceptedException: 
element click intercepted: Element <a href="EditCustomer.php">...</a> is not clickable at point (120, 384). Other element would receive the click: <iframe frameborder="0" src="https://217d9b1a57b6b33f66115334e1e768b2.safeframe.googlesyndication.com/safeframe/1-0-38/html/container.html" id="google_ads_iframe_/24132379/INTERSTITIAL_DemoGuru99_0" title="3rd party ad content" name="" scrolling="no" marginwidth="0" marginheight="0" width="" height="" data-is-safeframe="true" sandbox="allow-forms allow-popups allow-popups-to-escape-sandbox allow-same-origin allow-scripts allow-top-navigation-by-user-activation" role="region" aria-label="Advertisement" tabindex="0" data-google-container-id="1" data-load-complete="true" style="border: 0px !important; vertical-align: bottom !important; width: 100vw !important; height: 100vh !important; inset: 0px auto auto 0px !important; position: absolute !important; clear: none !important; display: inline !important; float: none !important; margin: 0px !important; max-height: none !important; max-width: none !important; opacity: 1 !important; overflow: visible !important; padding: 0px !important; visibility: visible !important; z-index: auto !important;"></iframe>
  (Session info: chrome=96.0.4664.110)
Build info: version: '3.141.59', revision: 'e82be7d358', time: '2018-11-14T08:17:03'
System info: host: 'TBM-AIO', ip: '192.168.0.20', os.name: 'Windows 10', os.arch: 'amd64', os.version: '10.0', java.version: '17.0.1'
Driver info: org.openqa.selenium.chrome.ChromeDriver
Capabilities {acceptInsecureCerts: false, browserName: chrome, browserVersion: 96.0.4664.110, chrome: {chromedriverVersion: 96.0.4664.45 (76e4c1bb2ab46..., userDataDir: C:\Users\timir\AppData\Loca...}, goog:chromeOptions: {debuggerAddress: localhost:59268}, javascriptEnabled: true, networkConnectionEnabled: false, pageLoadStrategy: normal, platform: WINDOWS, platformName: WINDOWS, proxy: Proxy(), setWindowRect: true, strictFileInteractability: false, timeouts: {implicit: 0, pageLoad: 300000, script: 30000}, unhandledPromptBehavior: dismiss and notify, webauthn:extension:credBlob: true, webauthn:extension:largeBlob: true, webauthn:virtualAuthenticators: true}
Session ID: 80e884862b8fed8ae304720f9094e849
	at com.tbmJavaAutomationFramework.TestCases.TC_EditCustomerDetails_04.validateChangedDetails(TC_EditCustomerDetails_04.java:84)
]]></failure>
  </testcase>
</testsuite>