<?xml version="1.0" encoding="UTF-8"?>
<testsuite xmlns:xsi="http://www.w3.org/2001/XMLSchema-instance" xsi:noNamespaceSchemaLocation="https://maven.apache.org/surefire/maven-surefire-plugin/xsd/surefire-test-report-3.0.xsd" version="3.0" name="TestSuite" time="82.37" tests="10" errors="0" skipped="0" failures="0">
  <properties>
[...]
</properties>
  <testcase name="addNewCustomer" classname="com.tbmJavaAutomationFramework.TestCases.TC_AddNewCustomer_003" time="16.323">
    <system-out><![CDATA[ INFO [main] (TC_AddNewCustomer_003.java:35)- Step 1: User name mngr47659 has been entered
 INFO [main] (TC_AddNewCustomer_003.java:37)- Step 2: Password has been entered
 INFO [main] (TC_AddNewCustomer_003.java:44)- Step 3: Add customer link is clicked
 INFO [main] (TC_AddNewCustomer_003.java:60)- Entered all information of the new customer
 INFO [main] (TC_AddNewCustomer_003.java:73)- New customer data has been submitted
 INFO [main] (TC_AddNewCustomer_003.java:81)- The new customer data has been submitted successfully and Id is:55411
]]></system-out>
    <system-err><![CDATA[Starting ChromeDriver 96.0.4664.45 (76e4c1bb2ab4671b8beba3444e61c0f17584b2fc-refs/branch-heads/4664@{#947}) on port 41564
Only local connections are allowed.
Please see https://chromedriver.chromium.org/security-considerations for suggestions on keeping ChromeDriver safe.
ChromeDriver was started successfully.
Dec 27, 2021 12:21:26 PM org.openqa.selenium.remote.ProtocolHandshake createSession
INFO: Detected dialect: W3C
org.openqa.selenium.NoAlertPresentException: no such alert
  (Session info: chrome=96.0.4664.110)
Build info: version: '3.141.59', revision: 'e82be7d358', time: '2018-11-14T08:17:03'
System info: host: 'TBM-AIO', ip: '192.168.0.20', os.name: 'Windows 10', os.arch: 'amd64', os.version: '10.0', java.version: '17.0.1'
Driver info: org.openqa.selenium.chrome.ChromeDriver
Capabilities {acceptInsecureCerts: false, browserName: chrome, browserVersion: 96.0.4664.110, chrome: {chromedriverVersion: 96.0.4664.45 (76e4c1bb2ab46..., userDataDir: C:\Users\timir\AppData\Loca...}, goog:chromeOptions: {debuggerAddress: localhost:59907}, javascriptEnabled: true, networkConnectionEnabled: false, pageLoadStrategy: normal, platform: WINDOWS, platformName: WINDOWS, proxy: Proxy(), setWindowRect: true, strictFileInteractability: false, timeouts: {implicit: 0, pageLoad: 300000, script: 30000}, unhandledPromptBehavior: dismiss and notify, webauthn:extension:credBlob: true, webauthn:extension:largeBlob: true, webauthn:virtualAuthenticators: true}
Session ID: 33d9baf27eaea2d12f5f2a282bd33a19
	at java.base/jdk.internal.reflect.NativeConstructorAccessorImpl.newInstance0(Native Method)
	at java.base/jdk.internal.reflect.NativeConstructorAccessorImpl.newInstance(NativeConstructorAccessorImpl.java:77)
	at java.base/jdk.internal.reflect.DelegatingConstructorAccessorImpl.newInstance(DelegatingConstructorAccessorImpl.java:45)
	at java.base/java.lang.reflect.Constructor.newInstanceWithCaller(Constructor.java:499)
	at java.base/java.lang.reflect.Constructor.newInstance(Constructor.java:480)
	at org.openqa.selenium.remote.http.W3CHttpResponseCodec.createException(W3CHttpResponseCodec.java:187)
	at org.openqa.selenium.remote.http.W3CHttpResponseCodec.decode(W3CHttpResponseCodec.java:122)
	at org.openqa.selenium.remote.http.W3CHttpResponseCodec.decode(W3CHttpResponseCodec.java:49)
	at org.openqa.selenium.remote.HttpCommandExecutor.execute(HttpCommandExecutor.java:158)
	at org.openqa.selenium.remote.service.DriverCommandExecutor.execute(DriverCommandExecutor.java:83)
	at org.openqa.selenium.remote.RemoteWebDriver.execute(RemoteWebDriver.java:552)
	at org.openqa.selenium.remote.RemoteWebDriver.execute(RemoteWebDriver.java:609)
	at org.openqa.selenium.remote.RemoteWebDriver$RemoteTargetLocator.alert(RemoteWebDriver.java:932)
	at com.tbmJavaAutomationFramework.TestCases.TC_AddNewCustomer_003.isAlertPresent(TC_AddNewCustomer_003.java:103)
	at com.tbmJavaAutomationFramework.TestCases.TC_AddNewCustomer_003.addNewCustomer(TC_AddNewCustomer_003.java:64)
	at java.base/jdk.internal.reflect.NativeMethodAccessorImpl.invoke0(Native Method)
	at java.base/jdk.internal.reflect.NativeMethodAccessorImpl.invoke(NativeMethodAccessorImpl.java:77)
	at java.base/jdk.internal.reflect.DelegatingMethodAccessorImpl.invoke(DelegatingMethodAccessorImpl.java:43)
	at java.base/java.lang.reflect.Method.invoke(Method.java:568)
	at org.testng.internal.MethodInvocationHelper.invokeMethod(MethodInvocationHelper.java:124)
	at org.testng.internal.Invoker.invokeMethod(Invoker.java:583)
	at org.testng.internal.Invoker.invokeTestMethod(Invoker.java:719)
	at org.testng.internal.Invoker.invokeTestMethods(Invoker.java:989)
	at org.testng.internal.TestMethodWorker.invokeTestMethods(TestMethodWorker.java:125)
	at org.testng.internal.TestMethodWorker.run(TestMethodWorker.java:109)
	at org.testng.TestRunner.privateRun(TestRunner.java:648)
	at org.testng.TestRunner.run(TestRunner.java:505)
	at org.testng.SuiteRunner.runTest(SuiteRunner.java:455)
	at org.testng.SuiteRunner.runSequentially(SuiteRunner.java:450)
	at org.testng.SuiteRunner.privateRun(SuiteRunner.java:415)
	at org.testng.SuiteRunner.run(SuiteRunner.java:364)
	at org.testng.SuiteRunnerWorker.runSuite(SuiteRunnerWorker.java:52)
	at org.testng.SuiteRunnerWorker.run(SuiteRunnerWorker.java:84)
	at org.testng.TestNG.runSuitesSequentially(TestNG.java:1208)
	at org.testng.TestNG.runSuitesLocally(TestNG.java:1137)
	at org.testng.TestNG.runSuites(TestNG.java:1049)
	at org.testng.TestNG.run(TestNG.java:1017)
	at org.apache.maven.surefire.testng.TestNGExecutor.run(TestNGExecutor.java:284)
	at org.apache.maven.surefire.testng.TestNGXmlTestSuite.execute(TestNGXmlTestSuite.java:75)
	at org.apache.maven.surefire.testng.TestNGProvider.invoke(TestNGProvider.java:119)
	at org.apache.maven.surefire.booter.ForkedBooter.runSuitesInProcess(ForkedBooter.java:428)
	at org.apache.maven.surefire.booter.ForkedBooter.execute(ForkedBooter.java:162)
	at org.apache.maven.surefire.booter.ForkedBooter.run(ForkedBooter.java:562)
	at org.apache.maven.surefire.booter.ForkedBooter.main(ForkedBooter.java:548)
]]></system-err>
  </testcase>
  <testcase name="loginDDT[timirte6346, darfautyt](1)" classname="com.tbmJavaAutomationFramework.TestCases.TC_LoginDDT_02" time="1.022">
    <system-out><![CDATA[ INFO [main] (TC_LoginDDT_02.java:25)- User name has been entered
 INFO [main] (TC_LoginDDT_02.java:27)- Password has been entered
 INFO [main] (TC_LoginDDT_02.java:29)- Submit button is clicked!
 INFO [main] (TC_LoginDDT_02.java:34)- Either username or password is incorrect
]]></system-out>
    <system-err><![CDATA[Starting ChromeDriver 96.0.4664.45 (76e4c1bb2ab4671b8beba3444e61c0f17584b2fc-refs/branch-heads/4664@{#947}) on port 25399
Only local connections are allowed.
Please see https://chromedriver.chromium.org/security-considerations for suggestions on keeping ChromeDriver safe.
ChromeDriver was started successfully.
Dec 27, 2021 12:21:44 PM org.openqa.selenium.remote.ProtocolHandshake createSession
INFO: Detected dialect: W3C
]]></system-err>
  </testcase>
  <testcase name="loginDDT[mngr249318, nAmyhYv](2)" classname="com.tbmJavaAutomationFramework.TestCases.TC_LoginDDT_02" time="0.933">
    <system-out><![CDATA[ INFO [main] (TC_LoginDDT_02.java:25)- User name has been entered
 INFO [main] (TC_LoginDDT_02.java:27)- Password has been entered
 INFO [main] (TC_LoginDDT_02.java:29)- Submit button is clicked!
 INFO [main] (TC_LoginDDT_02.java:34)- Either username or password is incorrect
]]></system-out>
  </testcase>
  <testcase name="loginDDT[mngr47659, 1@](3)" classname="com.tbmJavaAutomationFramework.TestCases.TC_LoginDDT_02" time="1.712">
    <system-out><![CDATA[ INFO [main] (TC_LoginDDT_02.java:25)- User name has been entered
 INFO [main] (TC_LoginDDT_02.java:27)- Password has been entered
 INFO [main] (TC_LoginDDT_02.java:29)- Submit button is clicked!
 INFO [main] (TC_LoginDDT_02.java:41)- successfully logged in
 INFO [main] (TC_LoginDDT_02.java:44)- Clicked on logout button
 INFO [main] (TC_LoginDDT_02.java:47)- Came back to Login page
]]></system-out>
  </testcase>
  <testcase name="loginDDT[mngr249877, nYtyvUr](4)" classname="com.tbmJavaAutomationFramework.TestCases.TC_LoginDDT_02" time="0.984">
    <system-out><![CDATA[ INFO [main] (TC_LoginDDT_02.java:25)- User name has been entered
 INFO [main] (TC_LoginDDT_02.java:27)- Password has been entered
 INFO [main] (TC_LoginDDT_02.java:29)- Submit button is clicked!
 INFO [main] (TC_LoginDDT_02.java:34)- Either username or password is incorrect
]]></system-out>
  </testcase>
  <testcase name="loginDDT[mngr47659, 1@](5)" classname="com.tbmJavaAutomationFramework.TestCases.TC_LoginDDT_02" time="1.639">
    <system-out><![CDATA[ INFO [main] (TC_LoginDDT_02.java:25)- User name has been entered
 INFO [main] (TC_LoginDDT_02.java:27)- Password has been entered
 INFO [main] (TC_LoginDDT_02.java:29)- Submit button is clicked!
 INFO [main] (TC_LoginDDT_02.java:41)- successfully logged in
 INFO [main] (TC_LoginDDT_02.java:44)- Clicked on logout button
 INFO [main] (TC_LoginDDT_02.java:47)- Came back to Login page
]]></system-out>
  </testcase>
  <testcase name="loginDDT[mngr258123, sepUpEq](6)" classname="com.tbmJavaAutomationFramework.TestCases.TC_LoginDDT_02" time="1.187">
    <system-out><![CDATA[ INFO [main] (TC_LoginDDT_02.java:25)- User name has been entered
 INFO [main] (TC_LoginDDT_02.java:27)- Password has been entered
 INFO [main] (TC_LoginDDT_02.java:29)- Submit button is clicked!
 INFO [main] (TC_LoginDDT_02.java:34)- Either username or password is incorrect
]]></system-out>
  </testcase>
  <testcase name="loginTest" classname="com.tbmJavaAutomationFramework.TestCases.TC_LoginTest_01" time="1.411">
    <system-out><![CDATA[ INFO [main] (TC_LoginTest_01.java:19)- URL is opened
 INFO [main] (TC_LoginTest_01.java:22)- Entered user name
 INFO [main] (TC_LoginTest_01.java:24)- Entered the password
 INFO [main] (TC_LoginTest_01.java:26)- Singin button is clicked
 INFO [main] (TC_LoginTest_01.java:31)- The test case has been passed
]]></system-out>
    <system-err><![CDATA[Starting ChromeDriver 96.0.4664.45 (76e4c1bb2ab4671b8beba3444e61c0f17584b2fc-refs/branch-heads/4664@{#947}) on port 39380
Only local connections are allowed.
Please see https://chromedriver.chromium.org/security-considerations for suggestions on keeping ChromeDriver safe.
ChromeDriver was started successfully.
Dec 27, 2021 12:21:56 PM org.openqa.selenium.remote.ProtocolHandshake createSession
INFO: Detected dialect: W3C
]]></system-err>
  </testcase>
  <testcase name="editCustomer" classname="com.tbmJavaAutomationFramework.TestCases.TC_EditCustomerDetails_04" time="37.339">
    <system-out><![CDATA[ INFO [main] (TC_EditCustomerDetails_04.java:26)- Step 1: User name mngr47659 has been entered
 INFO [main] (TC_EditCustomerDetails_04.java:28)- Step 2: Password has been entered
 INFO [main] (TC_EditCustomerDetails_04.java:39)- Edit customer link is clicked !
 INFO [main] (TC_EditCustomerDetails_04.java:42)- Entered the customer id:80351
 INFO [main] (TC_EditCustomerDetails_04.java:49)- Changed the street address to 100 Mediterranean Dr
 INFO [main] (TC_EditCustomerDetails_04.java:51)- Customer mobile number has been changed to 7817123600
 INFO [main] (TC_EditCustomerDetails_04.java:54)- Clicked the submit button
 INFO [main] (TC_EditCustomerDetails_04.java:58)- Popup is taken care
]]></system-out>
    <system-err><![CDATA[Starting ChromeDriver 96.0.4664.45 (76e4c1bb2ab4671b8beba3444e61c0f17584b2fc-refs/branch-heads/4664@{#947}) on port 45124
Only local connections are allowed.
Please see https://chromedriver.chromium.org/security-considerations for suggestions on keeping ChromeDriver safe.
ChromeDriver was started successfully.
Dec 27, 2021 12:21:59 PM org.openqa.selenium.remote.ProtocolHandshake createSession
INFO: Detected dialect: W3C
]]></system-err>
  </testcase>
  <testcase name="validateChangedDetails" classname="com.tbmJavaAutomationFramework.TestCases.TC_EditCustomerDetails_04" time="6.92">
    <system-out><![CDATA[ INFO [main] (TC_EditCustomerDetails_04.java:87)- Entered the customer id:80351
 INFO [main] (TC_EditCustomerDetails_04.java:90)- Control is on customer details page
 INFO [main] (TC_EditCustomerDetails_04.java:95)- Street address has been changed successfully !
 INFO [main] (TC_EditCustomerDetails_04.java:96)- Current address is: 100 Mediterranean Dr
 INFO [main] (TC_EditCustomerDetails_04.java:107)- Customer mobile number has been changed successfully !
 INFO [main] (TC_EditCustomerDetails_04.java:108)- Current Phone number is: 7817123600
]]></system-out>
  </testcase>
</testsuite>