<?xml version="1.0" encoding="UTF-8"?>
<testng-results ignored="0" total="10" passed="10" failed="0" skipped="0">
  <reporter-output>
  </reporter-output>
  <suite started-at="2021-12-27T17:13:19Z" name="tbmJavaAutomationFramework" finished-at="2021-12-27T17:14:41Z" duration-ms="81509">
    <groups>
      <group name="demo">
        <method signature="TC_AddNewCustomer_003.addNewCustomer()[pri:0, instance:com.tbmJavaAutomationFramework.TestCases.TC_AddNewCustomer_003@1649b0e6]" name="addNewCustomer" class="com.tbmJavaAutomationFramework.TestCases.TC_AddNewCustomer_003"/>
      </group> <!-- demo -->
    </groups>
    <test started-at="2021-12-27T17:13:19Z" name="Verifying the login in Chrome" finished-at="2021-12-27T17:14:41Z" duration-ms="81509">
      <class name="com.tbmJavaAutomationFramework.TestCases.TC_AddNewCustomer_003">
        <test-method is-config="true" signature="setUp(java.lang.String)[pri:0, instance:com.tbmJavaAutomationFramework.TestCases.TC_AddNewCustomer_003@1649b0e6]" started-at="2021-12-27T17:13:20Z" name="setUp" finished-at="2021-12-27T17:13:23Z" duration-ms="3449" status="PASS">
          <params>
            <param index="0">
              <value>
                <![CDATA[chrome]]>
              </value>
            </param>
          </params>
          <reporter-output>
          </reporter-output>
        </test-method> <!-- setUp -->
        <test-method signature="addNewCustomer()[pri:0, instance:com.tbmJavaAutomationFramework.TestCases.TC_AddNewCustomer_003@1649b0e6]" started-at="2021-12-27T17:13:23Z" name="addNewCustomer" finished-at="2021-12-27T17:13:40Z" duration-ms="16685" status="PASS">
          <reporter-output>
          </reporter-output>
        </test-method> <!-- addNewCustomer -->
        <test-method is-config="true" signature="tearDown()[pri:0, instance:com.tbmJavaAutomationFramework.TestCases.TC_AddNewCustomer_003@1649b0e6]" started-at="2021-12-27T17:13:40Z" name="tearDown" finished-at="2021-12-27T17:13:40Z" duration-ms="248" status="PASS">
          <reporter-output>
          </reporter-output>
        </test-method> <!-- tearDown -->
      </class> <!-- com.tbmJavaAutomationFramework.TestCases.TC_AddNewCustomer_003 -->
      <class name="com.tbmJavaAutomationFramework.TestCases.TC_EditCustomerDetails_04">
        <test-method is-config="true" signature="setUp(java.lang.String)[pri:0, instance:com.tbmJavaAutomationFramework.TestCases.TC_EditCustomerDetails_04@3972a855]" started-at="2021-12-27T17:13:54Z" name="setUp" finished-at="2021-12-27T17:13:57Z" duration-ms="2247" status="PASS">
          <params>
            <param index="0">
              <value>
                <![CDATA[chrome]]>
              </value>
            </param>
          </params>
          <reporter-output>
          </reporter-output>
        </test-method> <!-- setUp -->
        <test-method signature="editCustomer()[pri:0, instance:com.tbmJavaAutomationFramework.TestCases.TC_EditCustomerDetails_04@3972a855]" started-at="2021-12-27T17:13:57Z" name="editCustomer" finished-at="2021-12-27T17:14:34Z" duration-ms="37159" status="PASS">
          <reporter-output>
          </reporter-output>
        </test-method> <!-- editCustomer -->
        <test-method signature="validateChangedDetails()[pri:0, instance:com.tbmJavaAutomationFramework.TestCases.TC_EditCustomerDetails_04@3972a855]" started-at="2021-12-27T17:14:34Z" name="validateChangedDetails" finished-at="2021-12-27T17:14:41Z" duration-ms="6899" status="PASS">
          <reporter-output>
          </reporter-output>
        </test-method> <!-- validateChangedDetails -->
        <test-method is-config="true" signature="tearDown()[pri:0, instance:com.tbmJavaAutomationFramework.TestCases.TC_EditCustomerDetails_04@3972a855]" started-at="2021-12-27T17:14:41Z" name="tearDown" finished-at="2021-12-27T17:14:41Z" duration-ms="171" status="PASS">
          <reporter-output>
          </reporter-output>
        </test-method> <!-- tearDown -->
      </class> <!-- com.tbmJavaAutomationFramework.TestCases.TC_EditCustomerDetails_04 -->
      <class name="com.tbmJavaAutomationFramework.TestCases.TC_LoginTest_01">
        <test-method is-config="true" signature="setUp(java.lang.String)[pri:0, instance:com.tbmJavaAutomationFramework.TestCases.TC_LoginTest_01@4da4253]" started-at="2021-12-27T17:13:50Z" name="setUp" finished-at="2021-12-27T17:13:53Z" duration-ms="2544" status="PASS">
          <params>
            <param index="0">
              <value>
                <![CDATA[chrome]]>
              </value>
            </param>
          </params>
          <reporter-output>
          </reporter-output>
        </test-method> <!-- setUp -->
        <test-method signature="loginTest()[pri:0, instance:com.tbmJavaAutomationFramework.TestCases.TC_LoginTest_01@4da4253]" started-at="2021-12-27T17:13:53Z" name="loginTest" finished-at="2021-12-27T17:13:54Z" duration-ms="1283" status="PASS">
          <reporter-output>
          </reporter-output>
        </test-method> <!-- loginTest -->
        <test-method is-config="true" signature="tearDown()[pri:0, instance:com.tbmJavaAutomationFramework.TestCases.TC_LoginTest_01@4da4253]" started-at="2021-12-27T17:13:54Z" name="tearDown" finished-at="2021-12-27T17:13:54Z" duration-ms="229" status="PASS">
          <reporter-output>
          </reporter-output>
        </test-method> <!-- tearDown -->
      </class> <!-- com.tbmJavaAutomationFramework.TestCases.TC_LoginTest_01 -->
      <class name="com.tbmJavaAutomationFramework.TestCases.TC_LoginDDT_02">
        <test-method is-config="true" signature="setUp(java.lang.String)[pri:0, instance:com.tbmJavaAutomationFramework.TestCases.TC_LoginDDT_02@865dd6]" started-at="2021-12-27T17:13:40Z" name="setUp" finished-at="2021-12-27T17:13:42Z" duration-ms="2171" status="PASS">
          <params>
            <param index="0">
              <value>
                <![CDATA[chrome]]>
              </value>
            </param>
          </params>
          <reporter-output>
          </reporter-output>
        </test-method> <!-- setUp -->
        <test-method signature="loginDDT(java.lang.String, java.lang.String)[pri:0, instance:com.tbmJavaAutomationFramework.TestCases.TC_LoginDDT_02@865dd6]" started-at="2021-12-27T17:13:43Z" name="loginDDT" data-provider="LoginData" finished-at="2021-12-27T17:13:44Z" duration-ms="937" status="PASS">
          <params>
            <param index="0">
              <value>
                <![CDATA[timirte6346]]>
              </value>
            </param>
            <param index="1">
              <value>
                <![CDATA[darfautyt]]>
              </value>
            </param>
          </params>
          <reporter-output>
          </reporter-output>
        </test-method> <!-- loginDDT -->
        <test-method signature="loginDDT(java.lang.String, java.lang.String)[pri:0, instance:com.tbmJavaAutomationFramework.TestCases.TC_LoginDDT_02@865dd6]" started-at="2021-12-27T17:13:44Z" name="loginDDT" data-provider="LoginData" finished-at="2021-12-27T17:13:45Z" duration-ms="848" status="PASS">
          <params>
            <param index="0">
              <value>
                <![CDATA[mngr249318]]>
              </value>
            </param>
            <param index="1">
              <value>
                <![CDATA[nAmyhYv]]>
              </value>
            </param>
          </params>
          <reporter-output>
          </reporter-output>
        </test-method> <!-- loginDDT -->
        <test-method signature="loginDDT(java.lang.String, java.lang.String)[pri:0, instance:com.tbmJavaAutomationFramework.TestCases.TC_LoginDDT_02@865dd6]" started-at="2021-12-27T17:13:45Z" name="loginDDT" data-provider="LoginData" finished-at="2021-12-27T17:13:47Z" duration-ms="1348" status="PASS">
          <params>
            <param index="0">
              <value>
                <![CDATA[mngr47659]]>
              </value>
            </param>
            <param index="1">
              <value>
                <![CDATA[1@]]>
              </value>
            </param>
          </params>
          <reporter-output>
          </reporter-output>
        </test-method> <!-- loginDDT -->
        <test-method signature="loginDDT(java.lang.String, java.lang.String)[pri:0, instance:com.tbmJavaAutomationFramework.TestCases.TC_LoginDDT_02@865dd6]" started-at="2021-12-27T17:13:47Z" name="loginDDT" data-provider="LoginData" finished-at="2021-12-27T17:13:47Z" duration-ms="785" status="PASS">
          <params>
            <param index="0">
              <value>
                <![CDATA[mngr249877]]>
              </value>
            </param>
            <param index="1">
              <value>
                <![CDATA[nYtyvUr]]>
              </value>
            </param>
          </params>
          <reporter-output>
          </reporter-output>
        </test-method> <!-- loginDDT -->
        <test-method signature="loginDDT(java.lang.String, java.lang.String)[pri:0, instance:com.tbmJavaAutomationFramework.TestCases.TC_LoginDDT_02@865dd6]" started-at="2021-12-27T17:13:47Z" name="loginDDT" data-provider="LoginData" finished-at="2021-12-27T17:13:49Z" duration-ms="1717" status="PASS">
          <params>
            <param index="0">
              <value>
                <![CDATA[mngr47659]]>
              </value>
            </param>
            <param index="1">
              <value>
                <![CDATA[1@]]>
              </value>
            </param>
          </params>
          <reporter-output>
          </reporter-output>
        </test-method> <!-- loginDDT -->
        <test-method signature="loginDDT(java.lang.String, java.lang.String)[pri:0, instance:com.tbmJavaAutomationFramework.TestCases.TC_LoginDDT_02@865dd6]" started-at="2021-12-27T17:13:49Z" name="loginDDT" data-provider="LoginData" finished-at="2021-12-27T17:13:50Z" duration-ms="1027" status="PASS">
          <params>
            <param index="0">
              <value>
                <![CDATA[mngr258123]]>
              </value>
            </param>
            <param index="1">
              <value>
                <![CDATA[sepUpEq]]>
              </value>
            </param>
          </params>
          <reporter-output>
          </reporter-output>
        </test-method> <!-- loginDDT -->
        <test-method is-config="true" signature="tearDown()[pri:0, instance:com.tbmJavaAutomationFramework.TestCases.TC_LoginDDT_02@865dd6]" started-at="2021-12-27T17:13:50Z" name="tearDown" finished-at="2021-12-27T17:13:50Z" duration-ms="156" status="PASS">
          <reporter-output>
          </reporter-output>
        </test-method> <!-- tearDown -->
      </class> <!-- com.tbmJavaAutomationFramework.TestCases.TC_LoginDDT_02 -->
    </test> <!-- Verifying the login in Chrome -->
  </suite> <!-- tbmJavaAutomationFramework -->
</testng-results>
