<?xml version="1.0" encoding="UTF-8"?>
<!-- Generated by org.testng.reporters.JUnitXMLReporter -->
<testsuite ignored="0" hostname="TBM-AIO" failures="0" tests="10" name="Verifying the login in Chrome" time="81.45" errors="0" timestamp="27 Dec 2021 17:22:45 GMT">
  <testcase classname="com.tbmJavaAutomationFramework.TestCases.TC_AddNewCustomer_003" name="addNewCustomer" time="16.295"/>
  <testcase classname="com.tbmJavaAutomationFramework.TestCases.TC_LoginDDT_02" name="loginDDT" time="1.032"/>
  <testcase classname="com.tbmJavaAutomationFramework.TestCases.TC_LoginDDT_02" name="loginDDT" time="0.933"/>
  <testcase classname="com.tbmJavaAutomationFramework.TestCases.TC_LoginDDT_02" name="loginDDT" time="1.711"/>
  <testcase classname="com.tbmJavaAutomationFramework.TestCases.TC_LoginDDT_02" name="loginDDT" time="0.984"/>
  <testcase classname="com.tbmJavaAutomationFramework.TestCases.TC_LoginDDT_02" name="loginDDT" time="1.639"/>
  <testcase classname="com.tbmJavaAutomationFramework.TestCases.TC_LoginDDT_02" name="loginDDT" time="1.187"/>
  <testcase classname="com.tbmJavaAutomationFramework.TestCases.TC_LoginTest_01" name="loginTest" time="1.412"/>
  <testcase classname="com.tbmJavaAutomationFramework.TestCases.TC_EditCustomerDetails_04" name="editCustomer" time="37.335"/>
  <testcase classname="com.tbmJavaAutomationFramework.TestCases.TC_EditCustomerDetails_04" name="validateChangedDetails" time="6.924"/>
</testsuite> <!-- Verifying the login in Chrome -->
